Log file open, 05/19/17 21:10:43
LogInit:Display: Running engine for game: GameJam
LogPlatformFile: Not using cached read wrapper
LogInit:Display: RandInit(1633705021) SRandInit(1633705021).
LogTaskGraph: Started task graph with 5 named threads and 6 total threads with 1 sets of task threads.
LogStats: Stats thread started at 0.065922
LogInit: Using libcurl 7.47.1
LogInit:  - built for x86_64-pc-win32
LogInit:  - supports SSL with OpenSSL/1.0.2g
LogInit:  - supports HTTP deflate (compression) using libz 1.2.8
LogInit:  - other features:
LogInit:      CURL_VERSION_SSL
LogInit:      CURL_VERSION_LIBZ
LogInit:      CURL_VERSION_IPV6
LogInit:      CURL_VERSION_ASYNCHDNS
LogInit:      CURL_VERSION_LARGEFILE
LogInit:      CURL_VERSION_IDN
LogInit:  CurlRequestOptions (configurable via config and command line):
LogInit:  - bVerifyPeer = false  - Libcurl will NOT verify peer certificate
LogInit:  - bUseHttpProxy = false  - Libcurl will NOT use HTTP proxy
LogInit:  - bDontReuseConnections = false  - Libcurl will reuse connections
LogInit:  - CertBundlePath = nullptr  - Libcurl will use whatever was configured at build time.
LogInit: Build: ++UE4+Release-4.15-CL-3416026
LogInit: Engine Version: 4.15.2-3416026+++UE4+Release-4.15
LogInit: Compatible Engine Version: 4.15.0-3299760+++UE4+Release-4.15
LogInit: Net CL: 3299760
LogDevObjectVersion: Number of dev versions registered: 14
LogDevObjectVersion:   Dev-Blueprints (B0D832E4-1F89-4F0D-ACCF-7EB736FD4AA2): 8
LogDevObjectVersion:   Dev-Build (E1C64328-A22C-4D53-A36C-8E866417BD8C): 0
LogDevObjectVersion:   Dev-Core (375EC13C-06E4-48FB-B500-84F0262A717E): 2
LogDevObjectVersion:   Dev-Editor (E4B068ED-F494-42E9-A231-DA0B2E46BB41): 14
LogDevObjectVersion:   Dev-Framework (CFFC743F-43B0-4480-9391-14DF171D2073): 22
LogDevObjectVersion:   Dev-Mobile (B02B49B5-BB20-44E9-A304-32B752E40360): 0
LogDevObjectVersion:   Dev-Networking (A4E4105C-59A1-49B5-A7C5-40C4547EDFEE): 0
LogDevObjectVersion:   Dev-Online (39C831C9-5AE6-47DC-9A44-9C173E1C8E7C): 0
LogDevObjectVersion:   Dev-Physics (78F01B33-EBEA-4F98-B9B4-84EACCB95AA2): 0
LogDevObjectVersion:   Dev-Platform (6631380F-2D4D-43E0-8009-CF276956A95A): 0
LogDevObjectVersion:   Dev-Rendering (12F88B9F-8875-4AFC-A67C-D90C383ABD29): 12
LogDevObjectVersion:   Dev-Sequencer (7B5AE74C-D270-4C10-A958-57980B212A5A): 3
LogDevObjectVersion:   Dev-VR (D7296918-1DD6-4BDD-9DE2-64A83CC13884): 0
LogDevObjectVersion:   Dev-LoadTimes (C2A15278-BFE7-4AFE-6C17-90FF531DF755): 1
LogInit: Compiled (64-bit): May  1 2017 13:11:28
LogInit: Compiled with Visual C++: 19.00.23026.00
LogInit: Build Configuration: Development
LogInit: Branch Name: ++UE4+Release-4.15
LogInit: Command line: -EpicPortal 
LogInit: Base directory: C:/Program Files/Epic Games/UE_4.15/Engine/Binaries/Win64/
LogInit: Installed Engine Build: 1
LogInit: Presizing for max 8388607 objects, including 0 objects not considered by GC, pre-allocating 0 bytes for permanent pool.
LogInit: Object subsystem initialized
[2017.05.19-18.10.44:438][  0]LogInit: Selected Device Profile: [Windows]
[2017.05.19-18.10.44:438][  0]LogInit: Applying CVar settings loaded from the selected device profile: [Windows]
[2017.05.19-18.10.44:479][  0]LogInit: Computer: BAŞAK
[2017.05.19-18.10.44:479][  0]LogInit: User: BAŞAK
[2017.05.19-18.10.44:479][  0]LogInit: CPU Page size=65536, Cores=2
[2017.05.19-18.10.44:479][  0]LogInit: High frequency timer resolution =2.240909 MHz
[2017.05.19-18.10.44:479][  0]LogMemory: Memory total: Physical=7.8GB (8GB approx)
[2017.05.19-18.10.44:479][  0]LogMemory: Platform Memory Stats for Windows
[2017.05.19-18.10.44:479][  0]LogMemory: Process Physical Memory: 261.65 MB used, 261.65 MB peak
[2017.05.19-18.10.44:479][  0]LogMemory: Process Virtual Memory: 261.82 MB used, 261.82 MB peak
[2017.05.19-18.10.44:479][  0]LogMemory: Physical Memory: 3728.90 MB used,  4233.25 MB free, 7962.14 MB total
[2017.05.19-18.10.44:479][  0]LogMemory: Virtual Memory: 624.50 MB used,  4233.25 MB free, 8388608.00 MB total
[2017.05.19-18.10.44:575][  0]LogTextLocalizationManager: No translations for ('tr-TR') exist, falling back to 'en' for localization and internationalization data.
[2017.05.19-18.10.45:954][  0]LogD3D11RHI: D3D11 adapters:
[2017.05.19-18.10.45:986][  0]LogD3D11RHI:    0. 'Intel(R) HD Graphics Family' (Feature Level 11_0)
[2017.05.19-18.10.45:986][  0]LogD3D11RHI:       0/0/1792 MB DedicatedVideo/DedicatedSystem/SharedSystem, Outputs:1, VendorId:0x8086
[2017.05.19-18.10.46:004][  0]LogD3D11RHI:    1. 'NVIDIA GeForce GT 740M       ' (Feature Level 11_0)
[2017.05.19-18.10.46:004][  0]LogD3D11RHI:       1973/0/2047 MB DedicatedVideo/DedicatedSystem/SharedSystem, Outputs:0, VendorId:0x10de
[2017.05.19-18.10.46:005][  0]LogD3D11RHI:    2. 'Microsoft Basic Render Driver' (Feature Level 11_0)
[2017.05.19-18.10.46:005][  0]LogD3D11RHI:       0/0/256 MB DedicatedVideo/DedicatedSystem/SharedSystem, Outputs:0, VendorId:0x1414
[2017.05.19-18.10.46:005][  0]LogD3D11RHI: Chosen D3D11 Adapter: 1
[2017.05.19-18.10.46:011][  0]LogD3D11RHI: Creating new Direct3DDevice
[2017.05.19-18.10.46:011][  0]LogD3D11RHI:     GPU DeviceId: 0x1292 (for the marketing name, search the web for "GPU Device Id")
[2017.05.19-18.10.46:011][  0]LogWindows: EnumDisplayDevices:
[2017.05.19-18.10.46:011][  0]LogWindows:    0. 'Intel(R) HD Graphics Family' (P:1 D:1)
[2017.05.19-18.10.46:011][  0]LogWindows:    1. 'Intel(R) HD Graphics Family' (P:0 D:0)
[2017.05.19-18.10.46:011][  0]LogWindows:    2. 'Intel(R) HD Graphics Family' (P:0 D:0)
[2017.05.19-18.10.46:012][  0]LogWindows:    3. 'NVIDIA GeForce GT 740M       ' (P:0 D:0)
[2017.05.19-18.10.46:012][  0]LogWindows: DebugString: PrimaryIsNotTheChoosenAdapter PrimaryIsNotTheChoosenAdapter PrimaryIsNotTheChoosenAdapter 
[2017.05.19-18.10.46:012][  0]LogD3D11RHI:     Adapter Name: NVIDIA GeForce GT 740M       
[2017.05.19-18.10.46:012][  0]LogD3D11RHI:   Driver Version: 311.70 (internal:9.18.13.1170, unified:311.70)
[2017.05.19-18.10.46:012][  0]LogD3D11RHI:      Driver Date: 5-24-2013
[2017.05.19-18.10.46:012][  0]LogRHI: Texture pool is 1361 MB (70% of 1945 MB)
[2017.05.19-18.10.46:020][  0]LogD3D11RHI:Warning: Timestamp queries are currently disabled on this hardware due to instability. Realtime GPU stats will not be available. You can override this behaviour by setting r.NVIDIATimestampWorkaround to 0
[2017.05.19-18.10.46:020][  0]LogD3D11RHI: NvAPI_D3D_GetCurrentSLIState failed: 0xfffffff7
[2017.05.19-18.10.46:020][  0]LogD3D11RHI: [Aftermath] Aftermath enabled but failed to initialize due to reason: DriverVersionNotSupported
[2017.05.19-18.10.46:020][  0]LogD3D11RHI: Async texture creation enabled
[2017.05.19-18.10.46:033][  0]LogD3D11RHI: GPU Timing Frequency: 1000.000000 (Debug: 2 1)
[2017.05.19-18.11.01:159][  0]LogWindowsTextInputMethodSystem:Display: IME system now deactivated.
[2017.05.19-18.11.01:162][  0]LogShaderCompilers: Guid format shader working directory is -17 characters bigger than the processId version (../../../../../../Users/-BAŞAK-/Documents/Unreal Projects/GameJam/Intermediate/Shaders/WorkingDirectory/2796/).
[2017.05.19-18.11.01:162][  0]LogShaderCompilers: Cleaned the shader compiler working directory 'C:/Users/-BAŞAK-/AppData/Local/Temp/UnrealShaderWorkingDir/E16D31144BF3E173FCDE38993ADED4A5/'.
[2017.05.19-18.11.01:162][  0]LogShaderCompilers:Display: Using Local Shader Compiler.
[2017.05.19-18.11.02:868][  0]LogTemp:Display: Loaded TP AllDesktopTargetPlatform
[2017.05.19-18.11.02:928][  0]LogTemp:Display: Loaded TP MacClientTargetPlatform
[2017.05.19-18.11.02:984][  0]LogTemp:Display: Loaded TP MacNoEditorTargetPlatform
[2017.05.19-18.11.03:041][  0]LogTemp:Display: Loaded TP MacServerTargetPlatform
[2017.05.19-18.11.03:107][  0]LogTemp:Display: Loaded TP MacTargetPlatform
[2017.05.19-18.11.03:167][  0]LogTemp:Display: Loaded TP WindowsClientTargetPlatform
[2017.05.19-18.11.03:223][  0]LogTemp:Display: Loaded TP WindowsNoEditorTargetPlatform
[2017.05.19-18.11.03:279][  0]LogTemp:Display: Loaded TP WindowsServerTargetPlatform
[2017.05.19-18.11.03:326][  0]LogTemp:Display: Loaded TP WindowsTargetPlatform
[2017.05.19-18.11.03:394][  0]LogTemp:Display: Loaded TP AndroidTargetPlatform
[2017.05.19-18.11.03:449][  0]LogTemp:Display: Loaded TP Android_ASTCTargetPlatform
[2017.05.19-18.11.03:505][  0]LogTemp:Display: Loaded TP Android_ATCTargetPlatform
[2017.05.19-18.11.03:563][  0]LogTemp:Display: Loaded TP Android_DXTTargetPlatform
[2017.05.19-18.11.03:621][  0]LogTemp:Display: Loaded TP Android_ETC1TargetPlatform
[2017.05.19-18.11.03:677][  0]LogTemp:Display: Loaded TP Android_ETC2TargetPlatform
[2017.05.19-18.11.03:787][  0]LogTemp:Display: Loaded TP Android_MultiTargetPlatform
[2017.05.19-18.11.03:787][  0]LogTemp:Display: Loaded TP Android_PVRTCTargetPlatform
[2017.05.19-18.11.03:823][  0]LogTemp:Display: Loaded TP HTML5TargetPlatform
[2017.05.19-18.11.03:943][  0]LogTemp:Display: Loaded TP IOSTargetPlatform
[2017.05.19-18.11.03:983][  0]LogTemp:Display: Loaded TP TVOSTargetPlatform
[2017.05.19-18.11.04:039][  0]LogTemp:Display: Loaded TP LinuxClientTargetPlatform
[2017.05.19-18.11.04:095][  0]LogTemp:Display: Loaded TP LinuxNoEditorTargetPlatform
[2017.05.19-18.11.04:150][  0]LogTemp:Display: Loaded TP LinuxServerTargetPlatform
[2017.05.19-18.11.04:219][  0]LogTemp:Display: Loaded TP LinuxTargetPlatform
[2017.05.19-18.11.04:219][  0]LogTargetPlatformManager:Display: Building Assets For Windows
[2017.05.19-18.11.04:658][  0]LogDerivedDataCache:Display: Max Cache Size: 512 MB
[2017.05.19-18.11.05:178][  0]LogDerivedDataCache: Loaded boot cache 0.52s 50MB C:/Users/-BAŞAK-/AppData/Local/UnrealEngine/4.15/DerivedDataCache/Boot.ddc.
[2017.05.19-18.11.05:178][  0]LogDerivedDataCache:Display: Loaded Boot cache: C:/Users/-BAŞAK-/AppData/Local/UnrealEngine/4.15/DerivedDataCache/Boot.ddc
[2017.05.19-18.11.05:178][  0]LogDerivedDataCache: FDerivedDataBackendGraph:  Pak pak cache file ../../../../../../Users/-BAŞAK-/Documents/Unreal Projects/GameJam/DerivedDataCache/DDC.ddp not found, will not use a pak cache.
[2017.05.19-18.11.05:178][  0]LogDerivedDataCache: Unable to find inner node Pak for hierarchical cache Hierarchy.
[2017.05.19-18.11.05:178][  0]LogDerivedDataCache: FDerivedDataBackendGraph:  CompressedPak pak cache file ../../../../../../Users/-BAŞAK-/Documents/Unreal Projects/GameJam/DerivedDataCache/Compressed.ddp not found, will not use a pak cache.
[2017.05.19-18.11.05:178][  0]LogDerivedDataCache: Unable to find inner node CompressedPak for hierarchical cache Hierarchy.
[2017.05.19-18.11.05:201][  0]LogDerivedDataCache:Display: Pak cache opened for reading ../../../Engine/DerivedDataCache/Compressed.ddp.
[2017.05.19-18.11.05:213][  0]LogDerivedDataCache: Using Local data cache path C:/Users/-BAŞAK-/AppData/Local/UnrealEngine/Common/DerivedDataCache: Writable
[2017.05.19-18.11.05:225][  0]LogSlate: Using Freetype 2.6.0
[2017.05.19-18.11.05:242][  0]LogSlate: SlateFontCache - WITH_FREETYPE: 1, WITH_HARFBUZZ: 1
[2017.05.19-18.11.05:243][  0]LogSlate: SlateFontCache - WITH_FREETYPE: 1, WITH_HARFBUZZ: 1
[2017.05.19-18.11.07:323][  0]LogInit: Selected Device Profile: [Windows]
[2017.05.19-18.11.07:326][  0]LogContentStreaming: Texture pool size is 0.00 MB
[2017.05.19-18.11.08:049][  0]LogMeshUtilities: Using QuadricMeshReduction for automatic static mesh reduction
[2017.05.19-18.11.08:090][  0]LogSimplygon: Simplygon DLL not present - disabling.
[2017.05.19-18.11.08:132][  0]LogMeshUtilities: Using SimplygonSwarm for distributed automatic mesh merging
[2017.05.19-18.11.08:132][  0]LogMeshUtilities: No automatic skeletal mesh reduction module available
[2017.05.19-18.11.08:132][  0]LogMeshUtilities: No automatic mesh merging module available
[2017.05.19-18.11.09:647][  0]LogNetVersion: GetLocalNetworkVersion: CL: 3299760, ProjectName: gamejam, ProjectVersion: , EngineNetworkVersion: 2, GameNetworkVersion: 0, NetworkChecksum: 3468799792
[2017.05.19-18.11.09:694][  0]LogAssetRegistry: FAssetRegistry took 0.0220 seconds to start up
[2017.05.19-18.11.09:737][  0]LogPackageLocalizationCache: Processed 3 localized package path(s) for 1 prioritized culture(s) in 0.017597 seconds
[2017.05.19-18.11.09:745][  0]LogUObjectArray: 32493 objects as part of root set at end of initial load.
[2017.05.19-18.11.09:745][  0]LogUObjectAllocator: 7077024 out of 0 bytes used by permanent object pool.
[2017.05.19-18.11.09:745][  0]LogUObjectArray: CloseDisregardForGC: 0/0 objects in disregard for GC pool
[2017.05.19-18.11.09:813][  0]LogInit: WinSock: version 1.1 (2.2), MaxSocks=32767, MaxUdp=65467
[2017.05.19-18.11.22:025][  0]LogTcpMessaging: Initializing TcpMessaging bridge
[2017.05.19-18.11.22:067][  0]LogUdpMessaging: Initializing bridge on interface 0.0.0.0:0 to multicast group 230.0.0.1:6666.
[2017.05.19-18.11.22:654][  0]LogMaterial: Uniform references updated for custom material expression Custom.
[2017.05.19-18.11.23:038][  0]SourceControl: Info Source control is disabled
[2017.05.19-18.11.23:069][  0]SourceControl: Info Source control is disabled
[2017.05.19-18.11.23:113][  0]SourceControl: Info Source control is disabled
[2017.05.19-18.11.23:155][  0]SourceControl: Info Source control is disabled
[2017.05.19-18.11.24:499][  0]LogEngine: Initializing Engine...
[2017.05.19-18.11.24:499][  0]LogHMD: Failed to initialize OpenVR with code 110
[2017.05.19-18.11.24:634][  0]LogStats: UGameplayTagsManager::ConstructGameplayTagTree: Construct from data asset -  0.000 s
[2017.05.19-18.11.24:634][  0]LogStats: UGameplayTagsManager::ConstructGameplayTagTree: GameplayTagTreeChangedEvent.Broadcast -  0.000 s
[2017.05.19-18.11.24:756][  0]LogAIModule: Creating AISystem for world Untitled
[2017.05.19-18.11.24:763][  0]LogInit: XAudio2 using 'Hoparlör/Kulaklık (Realtek High Definition Audio)' : 2 channels at 48 kHz using 32 bits per sample (channel mask 0x3)
[2017.05.19-18.11.24:972][  0]LogInit: FAudioDevice initialized.
[2017.05.19-18.11.25:003][  0]LogDerivedDataCache: Saved boot cache 0.03s 50MB C:/Users/-BAŞAK-/AppData/Local/UnrealEngine/4.15/DerivedDataCache/Boot.ddc.
[2017.05.19-18.11.25:006][  0]LogInit: Texture streaming: Enabled
[2017.05.19-18.11.25:104][  0]LogEngineSessionManager: EngineSessionManager initialized
[2017.05.19-18.11.25:216][  0]LogInit: Transaction tracking system initialized
[2017.05.19-18.11.25:567][  0]BlueprintLog: New page: Editor Load
[2017.05.19-18.11.26:506][  0]LocalizationService: Info Localization service is disabled
[2017.05.19-18.11.27:196][  0]LogConsoleResponse:Display: 
[2017.05.19-18.11.27:422][  0]LogCook:Display: Max memory allowance for cook 16384mb min free memory 0mb
[2017.05.19-18.11.27:422][  0]LogCook:Display: Mobile HDR setting 1
[2017.05.19-18.11.27:564][  0]LogFileCache: Scanning file cache for directory 'C:/Users/-BAŞAK-/Documents/Unreal Projects/GameJam/Content/' took 0.02s
[2017.05.19-18.11.28:546][  0]SourceControl: Info Source control is disabled
[2017.05.19-18.11.28:546][  0]Cmd: MAP LOAD FILE="../../../../../../Users/-BAŞAK-/Documents/Unreal Projects/GameJam/Content/FirstPersonBP/Maps/FirstPersonExampleMap.umap" TEMPLATE=0 SHOWPROGRESS=1 FEATURELEVEL=3
[2017.05.19-18.11.28:560][  0]LightingResults: New page: Lighting Build
[2017.05.19-18.11.28:597][  0]MapCheck: New page: Map Check
[2017.05.19-18.11.28:597][  0]LightingResults: New page: Lighting Build
[2017.05.19-18.11.31:995][  0]LogAIModule: Creating AISystem for world FirstPersonExampleMap
[2017.05.19-18.11.32:221][  0]LogEditorServer: Finished looking for orphan Actors (0.000 secs)
[2017.05.19-18.11.32:250][  0]Cmd: MAP CHECKDEP NOCLEARLOG
[2017.05.19-18.11.32:318][  0]MapCheck: Info Map check complete: 0 Error(s), 0 Warning(s), took 68.553ms to complete.
[2017.05.19-18.11.32:318][  0]LogFileHelpers: Loading map 'FirstPersonExampleMap' took 3.772
[2017.05.19-18.11.32:368][  0]LogWindowsTextInputMethodSystem:Display: IME system now deactivated.
[2017.05.19-18.11.33:498][  0]LogCollectionManager: Loaded 0 collections in 0.001380 seconds
[2017.05.19-18.11.33:756][  0]LogFileCache: Scanning file cache for directory 'C:/Users/-BAŞAK-/Documents/Unreal Projects/GameJam/Saved/Collections/' took 0.01s
[2017.05.19-18.11.33:756][  0]LogFileCache: Scanning file cache for directory 'C:/Users/-BAŞAK-/Documents/Unreal Projects/GameJam/Content/Developers/BAŞAK/Collections/' took 0.01s
[2017.05.19-18.11.33:756][  0]LogFileCache: Scanning file cache for directory 'C:/Users/-BAŞAK-/Documents/Unreal Projects/GameJam/Content/Collections/' took 0.01s
[2017.05.19-18.11.33:756][  0]LogCollectionManager: Rebuilt the GUID cache for 0 collections in 0.000009 seconds
[2017.05.19-18.11.33:790][  0]LogContentBrowser: Native class hierarchy populated in 0.0328 seconds. Added 2245 classes and 453 folders.
[2017.05.19-18.11.33:886][  0]LogContentBrowser: Native class hierarchy updated for 'WidgetCarousel' in 0.0006 seconds. Added 0 classes and 0 folders.
[2017.05.19-18.11.35:393][  0]LogContentBrowser: Native class hierarchy updated for 'AddContentDialog' in 0.0018 seconds. Added 0 classes and 0 folders.
[2017.05.19-18.11.35:541][  0]LogContentBrowser: Native class hierarchy updated for 'SceneOutliner' in 0.0009 seconds. Added 1 classes and 2 folders.
[2017.05.19-18.11.35:730][  0]LogCrashTracker: Crashtracker disabled due to settings.
[2017.05.19-18.11.36:060][  0]LogUObjectGlobals:Warning: Failed to find object 'Class None.'
[2017.05.19-18.11.36:189][  0]LogContentBrowser: Native class hierarchy updated for 'HierarchicalLODOutliner' in 0.0007 seconds. Added 1 classes and 2 folders.
[2017.05.19-18.11.36:190][  0]LogLoad: (Engine Initialization) Total time: 54.35 seconds
[2017.05.19-18.11.36:190][  0]LogLoad: (Engine Initialization) Total Blueprint compile time: 0.44 seconds
[2017.05.19-18.11.36:190][  0]LogExternalProfiler: No external profilers were discovered.  External profiling features will not be available.
[2017.05.19-18.11.36:207][  0]LogOcInput: OculusInput pre-init called
[2017.05.19-18.11.36:264][  0]LogContentStreaming: Texture pool size now 1000 MB
[2017.05.19-18.11.36:274][  0]LogSlate: Took 0.008605 seconds to synchronously load lazily loaded font '../../../Engine/Content/Slate/Fonts/Roboto-Regular.ttf' (155K)
[2017.05.19-18.11.36:294][  0]LogSlate: Took 0.016153 seconds to synchronously load lazily loaded font '../../../Engine/Content/Slate/Fonts/Roboto-Bold.ttf' (160K)
[2017.05.19-18.11.36:327][  0]LogSlate: Took 0.020555 seconds to synchronously load lazily loaded font '../../../Engine/Content/Editor/Slate/Fonts/FontAwesome.ttf' (139K)
[2017.05.19-18.11.36:837][  0]LogSlate: Took 0.000282 seconds to synchronously load lazily loaded font '../../../Engine/Content/Slate/Fonts/Roboto-Light.ttf' (159K)
[2017.05.19-18.11.37:121][  0]LogRenderer: Reallocating scene render targets to support 856x372 NumSamples 1 (Frame:2).
[2017.05.19-18.11.38:732][  1]LogAssetRegistry: Asset discovery search completed in 29.0608 seconds
[2017.05.19-18.11.38:732][  1]LogCollectionManager: Rebuilt the object cache for 0 collections in 0.000004 seconds (found 0 objects)
[2017.05.19-18.11.38:732][  1]LogCollectionManager: Fixed up redirectors for 0 collections in 0.000021 seconds (updated 0 objects)
[2017.05.19-18.12.32:571][881]SourceControl: Info On branch master
[2017.05.19-18.12.32:571][881]SourceControl: Info Changes not staged for commit:
[2017.05.19-18.12.32:571][881]SourceControl: Info   (use "git add <file>..." to update what will be committed)
[2017.05.19-18.12.32:571][881]SourceControl: Info   (use "git checkout -- <file>..." to discard changes in working directory)
[2017.05.19-18.12.32:571][881]SourceControl: Info 	modified:   Intermediate/CachedAssetRegistry.bin
[2017.05.19-18.12.32:571][881]SourceControl: Info 	modified:   Saved/Config/Windows/Editor.ini
[2017.05.19-18.12.32:571][881]SourceControl: Info 	modified:   Saved/Config/Windows/EditorPerProjectUserSettings.ini
[2017.05.19-18.12.32:571][881]SourceControl: Info 	modified:   Saved/Config/Windows/Engine.ini
[2017.05.19-18.12.32:571][881]SourceControl: Info 	modified:   Saved/Logs/GameJam.log
[2017.05.19-18.12.32:571][881]SourceControl: Info Untracked files:
[2017.05.19-18.12.32:571][881]SourceControl: Info   (use "git add <file>..." to include in what will be committed)
[2017.05.19-18.12.32:571][881]SourceControl: Info 	Saved/Logs/GameJam-backup-2017.05.19-21.10.42.log
[2017.05.19-18.12.32:571][881]SourceControl: Info 	Saved/Logs/UE4CC-Windows-56E12B3E4203EE3E872B539EABBCE1FD/
[2017.05.19-18.12.32:571][881]SourceControl: Info no changes added to commit (use "git add" and/or "git commit -a")
[2017.05.19-18.12.38:059][180]SourceControl: Info fatal: C:/Program Files/Epic Games/UE_4.15/Engine/Content/: 'C:/Program Files/Epic Games/UE_4.15/Engine/Content/' is outside repository
[2017.05.19-18.12.38:267][180]LogPackageName:Error: Illegal call to DoesPackageExist: '../../../../../../Users/-BAŞAK-/Documents/Unreal Projects/GameJam/GameJam.uproject' is not a standard unreal filename or a long path name. Reason: Path should be no less than 4 characters long.
[2017.05.19-18.12.39:330][180]LogStats: FPlatformStackWalk::StackWalkAndDump -  1.063 s
[2017.05.19-18.12.39:330][180]LogOutputDevice:Error: === Handled ensure: ===
[2017.05.19-18.12.39:330][180]LogOutputDevice:Error: 
[2017.05.19-18.12.39:330][180]LogOutputDevice:Error: Ensure condition failed: false [File:D:\Build\++UE4+Release-4.15+Compile\Sync\Engine\Source\Runtime\CoreUObject\Private\Misc\PackageName.cpp] [Line: 650]
[2017.05.19-18.12.39:330][180]LogOutputDevice:Error: Illegal call to DoesPackageExist: '../../../../../../Users/-BAŞAK-/Documents/Unreal Projects/GameJam/GameJam.uproject' is not a standard unreal filename or a long path name. Reason: Path should be no less than 4 characters long.
[2017.05.19-18.12.39:330][180]LogOutputDevice:Error: Stack: 
[2017.05.19-18.12.39:330][180]LogOutputDevice:Error: UE4Editor-Core.dll!0x00000000251395E6
[2017.05.19-18.12.39:331][180]LogOutputDevice:Error: UE4Editor-Core.dll!0x0000000024EE9B82
[2017.05.19-18.12.39:331][180]LogOutputDevice:Error: UE4Editor-Core.dll!0x0000000024EFB666
[2017.05.19-18.12.39:331][180]LogOutputDevice:Error: UE4Editor-CoreUObject.dll!0x00000000270EA6E8
[2017.05.19-18.12.39:331][180]LogOutputDevice:Error: UE4Editor-SourceControl.dll!0x0000000027003D22
[2017.05.19-18.12.39:331][180]LogOutputDevice:Error: UE4Editor-SourceControl.dll!0x0000000027003EB9
[2017.05.19-18.12.39:331][180]LogOutputDevice:Error: UE4Editor-SourceControlWindows.dll!0x000000000D9E1D2E
[2017.05.19-18.12.39:331][180]LogOutputDevice:Error: UE4Editor-SourceControlWindows.dll!0x000000000D99B4B5
[2017.05.19-18.12.39:331][180]LogOutputDevice:Error: UE4Editor-SourceControlWindows.dll!0x000000000D99AA8D
[2017.05.19-18.12.39:331][180]LogOutputDevice:Error: UE4Editor-SourceControlWindows.dll!0x000000000D9AF274
[2017.05.19-18.12.39:331][180]LogOutputDevice:Error: UE4Editor-GitSourceControl.dll!0x000000000454B851
[2017.05.19-18.12.39:331][180]LogOutputDevice:Error: UE4Editor-GitSourceControl.dll!0x000000000455D1ED
[2017.05.19-18.12.39:331][180]LogOutputDevice:Error: UE4Editor-SourceControl.dll!0x0000000027009C5C
[2017.05.19-18.12.39:331][180]LogOutputDevice:Error: UE4Editor-UnrealEd.dll!0x0000000023377517
[2017.05.19-18.12.39:331][180]LogOutputDevice:Error: UE4Editor-UnrealEd.dll!0x0000000023B82156
[2017.05.19-18.12.39:331][180]LogOutputDevice:Error: UE4Editor.exe!0x000000009ECFDEE3
[2017.05.19-18.12.39:331][180]LogOutputDevice:Error: UE4Editor.exe!0x000000009ECEEB40
[2017.05.19-18.12.39:331][180]LogOutputDevice:Error: UE4Editor.exe!0x000000009ECEEBBA
[2017.05.19-18.12.39:331][180]LogOutputDevice:Error: UE4Editor.exe!0x000000009ED00A29
[2017.05.19-18.12.39:331][180]LogOutputDevice:Error: UE4Editor.exe!0x000000009ED022B6
[2017.05.19-18.12.39:331][180]LogOutputDevice:Error: KERNEL32.DLL!0x0000000043541842
[2017.05.19-18.12.39:331][180]LogOutputDevice:Error: ntdll.dll!0x00000000453BDF11
[2017.05.19-18.12.39:331][180]LogOutputDevice:Error: 
[2017.05.19-18.12.39:342][180]LogStats:                SubmitErrorReport -  0.000 s
[2017.05.19-18.12.46:452][180]LogStats:                    SendNewReport -  7.110 s
[2017.05.19-18.12.46:452][180]LogStats:             FDebug::EnsureFailed -  8.184 s
[2017.05.19-19.10.02:307][269]SourceControl: Info fatal: C:/Program Files/Epic Games/UE_4.15/Engine/Content/: 'C:/Program Files/Epic Games/UE_4.15/Engine/Content/' is outside repository
[2017.05.19-19.10.02:414][269]LogPackageName:Error: Illegal call to DoesPackageExist: '../../../../../../Users/-BAŞAK-/Documents/Unreal Projects/GameJam/GameJam.uproject' is not a standard unreal filename or a long path name. Reason: Path should be no less than 4 characters long.
